#
# A fatal error has been detected by the Java Runtime Environment:
#
#  EXCEPTION_ACCESS_VIOLATION (0xc0000005) at pc=0x00000000169cc750, pid=6620, tid=5224
#
# JRE version: 6.0_17-b04
# Java VM: Java HotSpot(TM) 64-Bit Server VM (14.3-b01 mixed mode windows-amd64 )
# Problematic frame:
# C  0x00000000169cc750
#
# If you would like to submit a bug report, please visit:
#   http://java.sun.com/webapps/bugreport/crash.jsp
# The crash happened outside the Java Virtual Machine in native code.
# See problematic frame for where to report the bug.
#

---------------  T H R E A D  ---------------

Current thread (0x000000005a7e0000):  JavaThread "AWT-EventQueue-0" [_thread_in_native, id=5224, stack(0x00000000bbff0000,0x00000000bfff0000)]

siginfo: ExceptionCode=0xc0000005, reading address 0x0000000000000008

Registers:
EAX=0x000000000000000d, EBX=0x000000005a7e01b8, ECX=0x0000000000000000, EDX=0x000000003e0110f2
ESP=0x00000000bffee3a8, EBP=0x000000005b99d5c0, ESI=0x000000005a7e01b8, EDI=0x000000005a544710
EIP=0x00000000169cc750, EFLAGS=0x0000000000010206

Top of Stack: (sp=0x00000000bffee3a8)
0x00000000bffee3a8:   000000001697589c 0000000000000000
0x00000000bffee3b8:   000000005a7e01b8 0000000030470b60
0x00000000bffee3c8:   0000000030470b60 0000000000000000
0x00000000bffee3d8:   000000005a7e01b8 000000005f68a708
0x00000000bffee3e8:   0000000016953810 000000005a7e01b8
0x00000000bffee3f8:   00000000bffeeac8 00000000bffeeb40
0x00000000bffee408:   000000005b99d5c0 000000005a7e0000
0x00000000bffee418:   0000000016972151 000000006e9ed7b8
0x00000000bffee428:   00000000bffeeb38 000000006ea2bd48
0x00000000bffee438:   00000000bffeeb40 0000000100000000
0x00000000bffee448:   0000000000000000 000000000000001c
0x00000000bffee458:   0000000000000010 0000000000000014
0x00000000bffee468:   0000000000000018 0000000000000000
0x00000000bffee478:   ffffffff00000000 000000006e9edb18
0x00000000bffee488:   000000005dc15448 000000006ea37778
0x00000000bffee498:   00000000654573c8 0000018200000000 

Instructions: (pc=0x00000000169cc750)
0x00000000169cc740:   48 8b 41 08 48 8b 80 18 0c 00 00 c3 cc cc cc cc
0x00000000169cc750:   48 8b 49 08 48 85 c9 74 05 e9 72 f6 fd ff 33 c0 


Stack: [0x00000000bbff0000,0x00000000bfff0000],  sp=0x00000000bffee3a8,  free space=65528k
Native frames: (J=compiled Java code, j=interpreted, Vv=VM code, C=native code)
C  0x00000000169cc750

Java frames: (J=compiled Java code, j=interpreted, Vv=VM code)
j  sun.java2d.windows.GDIBlitLoops.nativeBlit(Lsun/java2d/SurfaceData;Lsun/java2d/SurfaceData;Lsun/java2d/pipe/Region;IIIIIIIIIZ)V+0
j  sun.java2d.windows.GDIBlitLoops.Blit(Lsun/java2d/SurfaceData;Lsun/java2d/SurfaceData;Ljava/awt/Composite;Lsun/java2d/pipe/Region;IIIIII)V+33
J  sun.java2d.pipe.DrawImage.copyImage(Lsun/java2d/SunGraphics2D;Ljava/awt/Image;IILjava/awt/Color;Ljava/awt/image/ImageObserver;)Z
J  javax.swing.RepaintManager$PaintManager.paintDoubleBuffered(Ljavax/swing/JComponent;Ljava/awt/Image;Ljava/awt/Graphics;IIII)V
j  javax.swing.RepaintManager$PaintManager.paint(Ljavax/swing/JComponent;Ljavax/swing/JComponent;Ljava/awt/Graphics;IIII)Z+116
j  javax.swing.RepaintManager.paint(Ljavax/swing/JComponent;Ljavax/swing/JComponent;Ljava/awt/Graphics;IIII)V+52
J  javax.swing.JComponent.paint(Ljava/awt/Graphics;)V
j  java.awt.GraphicsCallback$PaintCallback.run(Ljava/awt/Component;Ljava/awt/Graphics;)V+2
j  sun.awt.SunGraphicsCallback.runOneComponent(Ljava/awt/Component;Ljava/awt/Rectangle;Ljava/awt/Graphics;Ljava/awt/Shape;I)V+155
j  sun.awt.SunGraphicsCallback.runComponents([Ljava/awt/Component;Ljava/awt/Graphics;I)V+104
j  java.awt.Container.paint(Ljava/awt/Graphics;)V+73
J  javax.swing.RepaintManager.paintDirtyRegions(Ljava/util/Map;)V
j  javax.swing.RepaintManager.paintDirtyRegions()V+46
j  javax.swing.RepaintManager.seqPaintDirtyRegions()V+73
j  javax.swing.SystemEventQueueUtilities$ComponentWorkRequest.run()V+36
J  java.awt.event.InvocationEvent.dispatch()V
J  java.awt.EventDispatchThread.pumpOneEventForFilters(I)Z
J  java.awt.EventDispatchThread.pumpEventsForFilter(ILjava/awt/Conditional;Ljava/awt/EventFilter;)V
j  java.awt.EventDispatchThread.pumpEventsForHierarchy(ILjava/awt/Conditional;Ljava/awt/Component;)V+11
j  java.awt.EventDispatchThread.pumpEvents(ILjava/awt/Conditional;)V+4
j  java.awt.EventDispatchThread.pumpEvents(Ljava/awt/Conditional;)V+3
j  java.awt.EventDispatchThread.run()V+9
v  ~StubRoutines::call_stub

---------------  P R O C E S S  ---------------

Java Threads: ( => current thread )
  0x0000000059e01800 JavaThread "Code Analyzer updating thread" [_thread_blocked, id=4672, stack(0x000000001ffd0000,0x0000000023fd0000)]
  0x0000000059e00800 JavaThread "Foxtrot Multi Worker Thread Runner #1" daemon [_thread_blocked, id=7116, stack(0x00000000dbff0000,0x00000000dfff0000)]
  0x0000000059dff000 JavaThread "Code Analyzer updating thread" [_thread_blocked, id=8876, stack(0x00000000afff0000,0x00000000b3ff0000)]
  0x0000000059dfe800 JavaThread "Active Reference Queue Daemon" daemon [_thread_blocked, id=4376, stack(0x000000003d510000,0x0000000041510000)]
  0x0000000059df6800 JavaThread "Timer-2" daemon [_thread_blocked, id=7212, stack(0x0000000035510000,0x0000000039510000)]
  0x0000000059df9800 JavaThread "Prefs Updater" daemon [_thread_blocked, id=5516, stack(0x000000001bfd0000,0x000000001ffd0000)]
  0x0000000059df8000 JavaThread "Timer-1" daemon [_thread_blocked, id=5280, stack(0x0000000116320000,0x000000011a320000)]
  0x0000000059dfa000 JavaThread "com.jniwrapper.NativeResourceCollector" daemon [_thread_blocked, id=4188, stack(0x0000000112320000,0x0000000116320000)]
  0x0000000059dfb800 JavaThread "ClipboardMonitor Timer" daemon [_thread_blocked, id=10840, stack(0x0000000102320000,0x0000000106320000)]
  0x0000000059dfd800 JavaThread "Swing-Shell" daemon [_thread_blocked, id=4660, stack(0x00000000fa320000,0x00000000fe320000)]
  0x0000000059df8800 JavaThread "Explorer NavigationContext request queue" daemon [_thread_blocked, id=5004, stack(0x00000000ee320000,0x00000000f2320000)]
  0x0000000059dfc000 JavaThread "AddressBar directory emptiness poller" daemon [_thread_blocked, id=4748, stack(0x00000000e7ff0000,0x00000000ebff0000)]
  0x000000005a7db800 JavaThread "Explorer Refresh Service 1009061070" daemon [_thread_blocked, id=8668, stack(0x00000000e3ff0000,0x00000000e7ff0000)]
  0x000000005a7d9800 JavaThread "Thread-4" daemon [_thread_blocked, id=2388, stack(0x00000000dfff0000,0x00000000e3ff0000)]
  0x000000005a7db000 JavaThread "TimerQueue" daemon [_thread_blocked, id=7408, stack(0x00000000cfff0000,0x00000000d3ff0000)]
  0x000000005a7da000 JavaThread "Thread-3" daemon [_thread_blocked, id=7684, stack(0x00000000bfff0000,0x00000000c3ff0000)]
=>0x000000005a7e0000 JavaThread "AWT-EventQueue-0" [_thread_in_native, id=5224, stack(0x00000000bbff0000,0x00000000bfff0000)]
  0x000000005a7dd000 JavaThread "AWT-Shutdown" [_thread_blocked, id=2256, stack(0x00000000a7ff0000,0x00000000abff0000)]
  0x000000005a7de800 JavaThread "FelixPackageAdmin" daemon [_thread_blocked, id=4744, stack(0x00000000cbff0000,0x00000000cfff0000)]
  0x000000005a7dc800 JavaThread "FelixStartLevel" daemon [_thread_blocked, id=8640, stack(0x00000000c7ff0000,0x00000000cbff0000)]
  0x000000005a5cb000 JavaThread "FelixDispatchQueue" daemon [_thread_blocked, id=6636, stack(0x00000000c3ff0000,0x00000000c7ff0000)]
  0x000000005a319800 JavaThread "com.google.common.base.internal.Finalizer" daemon [_thread_blocked, id=6936, stack(0x00000000b3ff0000,0x00000000b7ff0000)]
  0x00000000176be800 JavaThread "AWT-Windows" daemon [_thread_in_native, id=8132, stack(0x00000000abff0000,0x00000000afff0000)]
  0x00000000176bd000 JavaThread "Java2D Disposer" daemon [_thread_blocked, id=4420, stack(0x00000000a3ff0000,0x00000000a7ff0000)]
  0x0000000016858000 JavaThread "Timer-0" [_thread_blocked, id=6676, stack(0x000000009fff0000,0x00000000a3ff0000)]
  0x0000000059cdc800 JavaThread "EventMgr Dispatcher" daemon [_thread_in_native, id=8424, stack(0x000000009bff0000,0x000000009fff0000)]
  0x0000000016795800 JavaThread "Low Memory Detector" daemon [_thread_blocked, id=7916, stack(0x0000000093ff0000,0x0000000097ff0000)]
  0x000000001678e800 JavaThread "CompilerThread1" daemon [_thread_blocked, id=8712, stack(0x000000008fff0000,0x0000000093ff0000)]
  0x000000001678e000 JavaThread "CompilerThread0" daemon [_thread_blocked, id=4708, stack(0x000000008bff0000,0x000000008fff0000)]
  0x000000001678d000 JavaThread "Attach Listener" daemon [_thread_blocked, id=1380, stack(0x0000000087ff0000,0x000000008bff0000)]
  0x00000000344cb000 JavaThread "Finalizer" daemon [_thread_blocked, id=5940, stack(0x0000000083ff0000,0x0000000087ff0000)]
  0x0000000016754800 JavaThread "Reference Handler" daemon [_thread_blocked, id=9796, stack(0x000000007fff0000,0x0000000083ff0000)]
  0x00000000343ee800 JavaThread "main" [_thread_in_native, id=10024, stack(0x0000000000050000,0x0000000004050000)]

Other Threads:
  0x0000000016750800 VMThread [stack: 0x0000000055cb0000,0x0000000059cb0000] [id=5904]
  0x000000001679a000 WatcherThread [stack: 0x0000000097ff0000,0x000000009bff0000] [id=10252]

VM state:not at safepoint (normal execution)

VM Mutex/Monitor currently owned by a thread: None

Heap
 PSYoungGen      total 32000K, used 4513K [0x000000006e670000, 0x0000000071300000, 0x0000000071770000)
  eden space 31488K, 12% used [0x000000006e670000,0x000000006ea607f8,0x0000000070530000)
  from space 512K, 93% used [0x0000000071280000,0x00000000712f8000,0x0000000071300000)
  to   space 832K, 0% used [0x0000000071160000,0x0000000071160000,0x0000000071230000)
 PSOldGen        total 73920K, used 67135K [0x0000000065370000, 0x0000000069ba0000, 0x000000006e670000)
  object space 73920K, 90% used [0x0000000065370000,0x00000000694ffed8,0x0000000069ba0000)
 PSPermGen       total 116416K, used 75274K [0x000000005d370000, 0x0000000064520000, 0x0000000065370000)
  object space 116416K, 64% used [0x000000005d370000,0x0000000061cf2938,0x0000000064520000)

Dynamic libraries:
0x0000000140000000 - 0x0000000140028000 	C:\Program Files\MATLAB\R2013a\bin\win64\MATLAB.exe
0x00007fffc3fb0000 - 0x00007fffc4172000 	C:\WINDOWS\SYSTEM32\ntdll.dll
0x00007fffc3b70000 - 0x00007fffc3c1d000 	C:\WINDOWS\system32\KERNEL32.DLL
0x00007fffc14a0000 - 0x00007fffc167d000 	C:\WINDOWS\system32\KERNELBASE.dll
0x0000000073f70000 - 0x0000000074112000 	C:\Program Files\MATLAB\R2013a\bin\win64\libmwfl.dll
0x0000000074460000 - 0x0000000074515000 	C:\Program Files\MATLAB\R2013a\bin\win64\libut.dll
0x0000000180000000 - 0x000000018032f000 	C:\Program Files\MATLAB\R2013a\bin\win64\libmwservices.dll
0x0000000074970000 - 0x0000000074a18000 	C:\Program Files\MATLAB\R2013a\bin\win64\mcr.dll
0x00007fffc1c10000 - 0x00007fffc1c18000 	C:\WINDOWS\system32\PSAPI.DLL
0x00007fffc1730000 - 0x00007fffc17d6000 	C:\WINDOWS\system32\ADVAPI32.dll
0x00007fffc3ad0000 - 0x00007fffc3b6d000 	C:\WINDOWS\system32\msvcrt.dll
0x00007fffc1680000 - 0x00007fffc16db000 	C:\WINDOWS\system32\sechost.dll
0x00007fffc3850000 - 0x00007fffc3976000 	C:\WINDOWS\system32\RPCRT4.dll
0x00007fffc3980000 - 0x00007fffc3ace000 	C:\WINDOWS\system32\USER32.dll
0x00007fffc1e40000 - 0x00007fffc1fc5000 	C:\WINDOWS\system32\GDI32.dll
0x0000000010300000 - 0x0000000010456000 	C:\Program Files\MATLAB\R2013a\bin\win64\mvm.dll
0x00007fffc3830000 - 0x00007fffc384c000 	C:\WINDOWS\system32\imagehlp.dll
0x00007fffc0a00000 - 0x00007fffc0a4a000 	C:\WINDOWS\system32\POWRPROF.dll
0x00000000516b0000 - 0x0000000051748000 	C:\Program Files\MATLAB\R2013a\bin\win64\MSVCP100.dll
0x00007fffc2240000 - 0x00007fffc3763000 	C:\WINDOWS\system32\SHELL32.dll
0x00007fffc0a80000 - 0x00007fffc10a9000 	C:\WINDOWS\system32\windows.storage.dll
0x00000000515d0000 - 0x00000000516a2000 	C:\Program Files\MATLAB\R2013a\bin\win64\MSVCR100.dll
0x00007fffc1920000 - 0x00007fffc1b9c000 	C:\WINDOWS\system32\combase.dll
0x00007fffc21e0000 - 0x00007fffc2231000 	C:\WINDOWS\system32\shlwapi.dll
0x00000000758a0000 - 0x000000007595f000 	C:\Program Files\MATLAB\R2013a\bin\win64\libmwi18n.dll
0x00007fffc0a50000 - 0x00007fffc0a5f000 	C:\WINDOWS\system32\kernel.appcore.dll
0x00007fffc1160000 - 0x00007fffc1213000 	C:\WINDOWS\system32\shcore.dll
0x00007fffc09e0000 - 0x00007fffc09f3000 	C:\WINDOWS\system32\profapi.dll
0x00007fffc3c90000 - 0x00007fffc3dd1000 	C:\WINDOWS\system32\ole32.dll
0x0000000004160000 - 0x0000000004181000 	C:\Program Files\MATLAB\R2013a\bin\win64\libmwmfl_scalar.dll
0x00007fffc1840000 - 0x00007fffc1917000 	C:\WINDOWS\system32\COMDLG32.dll
0x00007fffc3c20000 - 0x00007fffc3c89000 	C:\WINDOWS\system32\WS2_32.dll
0x00007fffc1ba0000 - 0x00007fffc1ba8000 	C:\WINDOWS\system32\NSI.dll
0x00007fffc3770000 - 0x00007fffc382e000 	C:\WINDOWS\system32\OLEAUT32.dll
0x00000000515c0000 - 0x00000000515c9000 	C:\Program Files\MATLAB\R2013a\bin\win64\boost_system-vc100-mt-1_49.dll
0x00000000515a0000 - 0x00000000515b1000 	C:\Program Files\MATLAB\R2013a\bin\win64\boost_thread-vc100-mt-1_49.dll
0x00007fffae170000 - 0x00007fffae1fc000 	C:\Program Files\MATLAB\R2013a\bin\win64\boost_log-vc100-mt-1_49.dll
0x0000000051460000 - 0x000000005159e000 	C:\Program Files\MATLAB\R2013a\bin\win64\icuuc49.dll
0x0000000051450000 - 0x0000000051460000 	C:\Program Files\MATLAB\R2013a\bin\win64\icuio49.dll
0x00007fffafc70000 - 0x00007fffafca3000 	C:\Program Files\MATLAB\R2013a\bin\win64\tbb.dll
0x00007fff9e6e0000 - 0x00007fff9e86a000 	C:\WINDOWS\SYSTEM32\dbghelp.dll
0x00000000041a0000 - 0x00000000041ad000 	C:\Program Files\MATLAB\R2013a\bin\win64\libmwresource_core.dll
0x000000007a350000 - 0x000000007a737000 	C:\Program Files\MATLAB\R2013a\bin\win64\libmwMATLAB_res.dll
0x0000000051440000 - 0x000000005144e000 	C:\Program Files\MATLAB\R2013a\bin\win64\boost_date_time-vc100-mt-1_49.dll
0x0000000051410000 - 0x000000005143c000 	C:\Program Files\MATLAB\R2013a\bin\win64\boost_filesystem-vc100-mt-1_49.dll
0x0000000051330000 - 0x000000005140f000 	C:\Program Files\MATLAB\R2013a\bin\win64\boost_regex-vc100-mt-1_49.dll
0x0000000051310000 - 0x0000000051321000 	C:\Program Files\MATLAB\R2013a\bin\win64\boost_signals-vc100-mt-1_49.dll
0x0000000075000000 - 0x00000000753b1000 	C:\Program Files\MATLAB\R2013a\bin\win64\iqm.dll
0x0000000079fb0000 - 0x0000000079fdf000 	C:\Program Files\MATLAB\R2013a\bin\win64\libmwbridge.dll
0x0000000075a20000 - 0x0000000075b0b000 	C:\Program Files\MATLAB\R2013a\bin\win64\libmx.dll
0x00000000041b0000 - 0x00000000041d4000 	C:\Program Files\MATLAB\R2013a\bin\win64\libmex.dll
0x0000000075f10000 - 0x0000000075f57000 	C:\Program Files\MATLAB\R2013a\bin\win64\mpath.dll
0x000000007b680000 - 0x000000007bc66000 	C:\Program Files\MATLAB\R2013a\bin\win64\mlutil.dll
0x0000000074e80000 - 0x0000000074f30000 	C:\Program Files\MATLAB\R2013a\bin\win64\m_dispatcher.dll
0x000000007b0a0000 - 0x000000007b2f6000 	C:\Program Files\MATLAB\R2013a\bin\win64\mcos.dll
0x0000000073cc0000 - 0x0000000073e0e000 	C:\Program Files\MATLAB\R2013a\bin\win64\libmwgui.dll
0x0000000010550000 - 0x0000000010e93000 	C:\Program Files\MATLAB\R2013a\bin\win64\hg.dll
0x0000000010460000 - 0x000000001054b000 	C:\Program Files\MATLAB\R2013a\bin\win64\hgutils.dll
0x0000000010ea0000 - 0x00000000116a8000 	C:\Program Files\MATLAB\R2013a\bin\win64\m_interpreter.dll
0x0000000075710000 - 0x00000000757d8000 	C:\Program Files\MATLAB\R2013a\bin\win64\jmi.dll
0x00000000116b0000 - 0x000000001175e000 	C:\Program Files\MATLAB\R2013a\bin\win64\udd_mi.dll
0x0000000011760000 - 0x0000000011a2e000 	C:\Program Files\MATLAB\R2013a\bin\win64\uiw.dll
0x000000007a1f0000 - 0x000000007a20d000 	C:\Program Files\MATLAB\R2013a\bin\win64\mwoles05.DLL
0x0000000011a30000 - 0x0000000011a9c000 	C:\Program Files\MATLAB\R2013a\bin\win64\comcli.dll
0x00000000041e0000 - 0x00000000041ec000 	C:\Program Files\MATLAB\R2013a\bin\win64\mlautoregister.dll
0x00007fffbbd50000 - 0x00007fffbbd60000 	C:\Program Files\MATLAB\R2013a\bin\win64\boost_iostreams-vc100-mt-1_49.dll
0x0000000011aa0000 - 0x0000000011aee000 	C:\Program Files\MATLAB\R2013a\bin\win64\libmwregexp.dll
0x0000000011af0000 - 0x0000000011b12000 	C:\Program Files\MATLAB\R2013a\bin\win64\libmwMATLAB_settings_res.dll
0x00000000041f0000 - 0x00000000041f6000 	C:\Program Files\MATLAB\R2013a\bin\win64\libmwnativedisplay.dll
0x00007fffadf50000 - 0x00007fffadf96000 	C:\Program Files\MATLAB\R2013a\bin\win64\boost_serialization-vc100-mt-1_49.dll
0x00007fffc10b0000 - 0x00007fffc115a000 	C:\WINDOWS\WinSxS\amd64_microsoft.windows.common-controls_6595b64144ccf1df_5.82.10240.16384_none_0212ec7eba871e86\COMCTL32.dll
0x00007fffb43a0000 - 0x00007fffb43b7000 	C:\WINDOWS\SYSTEM32\NETAPI32.dll
0x0000000051090000 - 0x00000000512d1000 	C:\Program Files\MATLAB\R2013a\bin\win64\xerces-c_2_7.dll
0x00000000512e0000 - 0x0000000051305000 	C:\Program Files\MATLAB\R2013a\bin\win64\LIBEXPAT.dll
0x0000000050f00000 - 0x000000005108a000 	C:\Program Files\MATLAB\R2013a\bin\win64\icuin49.dll
0x0000000011b40000 - 0x0000000012c62000 	C:\Program Files\MATLAB\R2013a\bin\win64\icudt49.dll
0x0000000074f40000 - 0x0000000074ff6000 	C:\Program Files\MATLAB\R2013a\bin\win64\udd.dll
0x00007fffafc40000 - 0x00007fffafc68000 	C:\Program Files\MATLAB\R2013a\bin\win64\tbbmalloc.dll
0x0000000050ee0000 - 0x0000000050ef7000 	C:\Program Files\MATLAB\R2013a\bin\win64\zlib1.dll
0x00000000754d0000 - 0x0000000075547000 	C:\Program Files\MATLAB\R2013a\bin\win64\xmlcore.dll
0x0000000012c80000 - 0x0000000012ca4000 	C:\Program Files\MATLAB\R2013a\bin\win64\graphics_util.dll
0x0000000072f50000 - 0x000000007318f000 	C:\Program Files\MATLAB\R2013a\bin\win64\hgdatatypes.dll
0x0000000012cb0000 - 0x0000000012cbe000 	C:\Program Files\MATLAB\R2013a\bin\win64\nativejava_services.dll
0x0000000076100000 - 0x000000007615a000 	C:\Program Files\MATLAB\R2013a\bin\win64\libmat.dll
0x00000000761c0000 - 0x0000000076200000 	C:\Program Files\MATLAB\R2013a\bin\win64\libmwhardcopy.dll
0x0000000075c70000 - 0x0000000075cce000 	C:\Program Files\MATLAB\R2013a\bin\win64\libuij.dll
0x0000000075820000 - 0x000000007589e000 	C:\Program Files\MATLAB\R2013a\bin\win64\libmwlapack.dll
0x0000000012cc0000 - 0x0000000012cf6000 	C:\Program Files\MATLAB\R2013a\bin\win64\libmwgbtutils.dll
0x0000000012d00000 - 0x0000000012d14000 	C:\Program Files\MATLAB\R2013a\bin\win64\libmwgbt.dll
0x0000000050980000 - 0x0000000050edd000 	C:\Program Files\MATLAB\R2013a\bin\win64\mfc100.dll
0x00007fffbb1f0000 - 0x00007fffbb274000 	C:\WINDOWS\SYSTEM32\WINSPOOL.DRV
0x0000000075430000 - 0x00000000754ab000 	C:\Program Files\MATLAB\R2013a\bin\win64\profiler.dll
0x0000000012d20000 - 0x0000000012fa3000 	C:\Program Files\MATLAB\R2013a\bin\win64\libmwmathutil.dll
0x0000000079f40000 - 0x0000000079f66000 	C:\Program Files\MATLAB\R2013a\bin\win64\libmwmathrng.dll
0x000000007a1b0000 - 0x000000007a1d0000 	C:\Program Files\MATLAB\R2013a\bin\win64\m_pcodeio.dll
0x0000000079b10000 - 0x0000000079b6c000 	C:\Program Files\MATLAB\R2013a\bin\win64\m_ir.dll
0x0000000078ed0000 - 0x0000000079579000 	C:\Program Files\MATLAB\R2013a\bin\win64\m_parser.dll
0x000000007a130000 - 0x000000007a158000 	C:\Program Files\MATLAB\R2013a\bin\win64\m_pcodegen.dll
0x0000000012fb0000 - 0x0000000013013000 	C:\Program Files\MATLAB\R2013a\bin\win64\libmwspmatrix.dll
0x0000000050950000 - 0x000000005097b000 	C:\Program Files\MATLAB\R2013a\bin\win64\ATL100.DLL
0x0000000013020000 - 0x0000000013029000 	C:\Program Files\MATLAB\R2013a\bin\win64\uinone.dll
0x0000000013030000 - 0x0000000013056000 	C:\Program Files\MATLAB\R2013a\bin\win64\libmwnativefiledialogs.dll
0x00007fffbfca0000 - 0x00007fffbfcbc000 	C:\WINDOWS\SYSTEM32\MPR.dll
0x00007fffbb1d0000 - 0x00007fffbb1e6000 	C:\WINDOWS\SYSTEM32\wkscli.dll
0x00007fffbfc70000 - 0x00007fffbfc96000 	C:\WINDOWS\SYSTEM32\srvcli.dll
0x00007fffbfcc0000 - 0x00007fffbfccc000 	C:\WINDOWS\SYSTEM32\netutils.dll
0x00007fffade90000 - 0x00007fffadf48000 	C:\Program Files\MATLAB\R2013a\bin\win64\libtex_base.dll
0x0000000072d30000 - 0x0000000072f38000 	C:\Program Files\MATLAB\R2013a\bin\win64\hdf5dll.dll
0x00007fffbb710000 - 0x00007fffbb717000 	C:\WINDOWS\SYSTEM32\MSIMG32.dll
0x00007fffc0910000 - 0x00007fffc0938000 	C:\WINDOWS\SYSTEM32\bcrypt.dll
0x000000007a310000 - 0x000000007a325000 	C:\Program Files\MATLAB\R2013a\bin\win64\libmwbinder.dll
0x0000000013070000 - 0x000000001307b000 	C:\Program Files\MATLAB\R2013a\bin\win64\libmwompwrapper.dll
0x0000000013080000 - 0x0000000013090000 	C:\Program Files\MATLAB\R2013a\bin\win64\libmwmfl_rng.dll
0x0000000074c10000 - 0x0000000074cf8000 	C:\Program Files\MATLAB\R2013a\bin\win64\libmwmathcore.dll
0x000000007a2f0000 - 0x000000007a307000 	C:\Program Files\MATLAB\R2013a\bin\win64\ir_xfmr.dll
0x0000000013090000 - 0x00000000130a0000 	C:\Program Files\MATLAB\R2013a\bin\win64\mtok.dll
0x00000000130a0000 - 0x00000000130ac000 	C:\Program Files\MATLAB\R2013a\bin\win64\libmwplatform_res.dll
0x0000000075ea0000 - 0x0000000075f02000 	C:\Program Files\MATLAB\R2013a\bin\win64\libmwcholmod.dll
0x00000000130c0000 - 0x00000000130cc000 	C:\Program Files\MATLAB\R2013a\bin\win64\libmwcolamd.dll
0x00000000130d0000 - 0x00000000130dd000 	C:\Program Files\MATLAB\R2013a\bin\win64\libmwamd.dll
0x000000007a290000 - 0x000000007a2a3000 	C:\Program Files\MATLAB\R2013a\bin\win64\libmwblas.dll
0x0000000051990000 - 0x0000000051a33000 	C:\WINDOWS\WinSxS\amd64_microsoft.vc90.crt_1fc8b3b9a1e18e3b_9.0.30729.9158_none_08e47e47a83d53d6\MSVCR90.dll
0x00007fffc16f0000 - 0x00007fffc1726000 	C:\WINDOWS\system32\IMM32.DLL
0x00007fffc1fd0000 - 0x00007fffc212c000 	C:\WINDOWS\system32\MSCTF.dll
0x00007fffbf2e0000 - 0x00007fffbf376000 	C:\WINDOWS\SYSTEM32\UxTheme.dll
0x00007fffbe390000 - 0x00007fffbe3b2000 	C:\WINDOWS\system32\dwmapi.dll
0x000000005d360000 - 0x000000005d36d000 	C:\Program Files\MATLAB\R2013a\bin\win64\MFC100ENU.DLL
0x00000000131c0000 - 0x000000001320e000 	C:\Program Files\MATLAB\R2013a\bin\win64\MVMLocal.dll

VM Arguments:
jvm_args: -XX:PermSize=32m -Xms64m -XX:NewRatio=3 -XX:MaxPermSize=128m -Xmx196m -XX:MaxDirectMemorySize=2147400000 -Dsun.java2d.noddraw=true -Dsun.awt.nopixfmt=true -Xshare:off -Xrs -Dsun.awt.disableMixing=true -Djava.library.path=C:\Program Files\MATLAB\R2013a\bin\win64;C:\Program Files\MATLAB\R2013a\sys\jxbrowser\win64\lib vfprintf abort 
java_command: <unknown>
Launcher Type: generic

Environment Variables:
PATH=C:\Program Files (x86)\Common Files\Intel\Shared Files\cpp\bin\Intel64;C:\Program Files (x86)\NVIDIA Corporation\PhysX\Common;C:\ProgramData\Oracle\Java\javapath;C:\Program Files (x86)\Intel\iCLS Client\;C:\Program Files\Intel\iCLS Client\;C:\WINDOWS\system32;C:\WINDOWS;C:\WINDOWS\System32\Wbem;C:\WINDOWS\System32\WindowsPowerShell\v1.0\;C:\Program Files\Intel\Intel(R) Management Engine Components\DAL;C:\Program Files\Intel\Intel(R) Management Engine Components\IPT;C:\Program Files (x86)\Intel\Intel(R) Management Engine Components\DAL;C:\Program Files (x86)\Intel\Intel(R) Management Engine Components\IPT;C:\Program Files\Intel\WiFi\bin\;C:\Program Files\Common Files\Intel\WirelessCommon\;C:\Program Files\MATLAB\R2013a\runtime\win64;C:\Program Files\MATLAB\R2013a\bin;C:\Program Files (x86)\Windows Live\Shared;C:\Program Files (x86)\Skype\Phone\
USERNAME=harri_000
OS=Windows_NT
PROCESSOR_IDENTIFIER=Intel64 Family 6 Model 69 Stepping 1, GenuineIntel



---------------  S Y S T E M  ---------------

OS: Windows NT 6.2 Build 9200 

CPU:total 4 (8 cores per cpu, 2 threads per core) family 6 model 69 stepping 1, cmov, cx8, fxsr, mmx, sse, sse2, sse3, ssse3, sse4.1, sse4.2, ht

Memory: 4k page, physical 12469160k(7334728k free), swap 14369704k(8545552k free)

vm_info: Java HotSpot(TM) 64-Bit Server VM (14.3-b01) for windows-amd64 JRE (1.6.0_17-b04), built on Oct 11 2009 00:46:08 by "java_re" with MS VC++ 8.0

time: Mon Sep 12 16:28:52 2016
elapsed time: 19208 seconds

